# JRE version: OpenJDK Runtime Environment (20.0.1+9) (build 20.0.1+9-29)
# Java VM: OpenJDK 64-Bit Server VM (20.0.1+9-29, mixed mode, sharing, tiered, compressed oops, compressed class ptrs, g1 gc, windows-amd64)
GC Precious Log:
 CardTable entry size: 512
 Card Set container configuration: InlinePtr #cards 4 size 8 Array Of Cards #cards 16 size 48 Howl #buckets 8 coarsen threshold 3686 Howl Bitmap #cards 512 size 80 coarsen threshold 460 Card regions per heap region 1 cards per card region 4096
 CPUs: 8 total, 8 available
 Memory: 16106M
 Large Page Support: Disabled
 NUMA Support: Disabled
 Compressed Oops: Enabled (Zero based)
 Heap Region Size: 2M
 Heap Min Capacity: 8M
 Heap Initial Capacity: 252M
 Heap Max Capacity: 4028M
 Pre-touch: Disabled
 Parallel Workers: 8
 Concurrent Workers: 2
 Concurrent Refinement Workers: 8
 Periodic GC: Disabled
Heap:
 garbage-first heap   total 61440K, used 46546K [0x0000000704400000, 0x0000000800000000)
  region size 2048K, 15 young (30720K), 1 survivors (2048K)
 Metaspace       used 45766K, committed 46336K, reserved 1114112K
  class space    used 5402K, committed 5696K, reserved 1048576K
GC Heap History (20 events):
Event: 73139.362 GC heap before
{Heap before GC invocations=23 (full 2):
 garbage-first heap   total 61440K, used 50622K [0x0000000704400000, 0x0000000800000000)
  region size 2048K, 16 young (32768K), 1 survivors (2048K)
 Metaspace       used 45700K, committed 46272K, reserved 1114112K
  class space    used 5402K, committed 5696K, reserved 1048576K
}
Event: 73139.363 GC heap after
{Heap after GC invocations=24 (full 2):
 garbage-first heap   total 61440K, used 19913K [0x0000000704400000, 0x0000000800000000)
  region size 2048K, 1 young (2048K), 1 survivors (2048K)
 Metaspace       used 45700K, committed 46272K, reserved 1114112K
  class space    used 5402K, committed 5696K, reserved 1048576K
}
Event: 73721.411 GC heap before
{Heap before GC invocations=24 (full 2):
 garbage-first heap   total 61440K, used 50633K [0x0000000704400000, 0x0000000800000000)
  region size 2048K, 16 young (32768K), 1 survivors (2048K)
 Metaspace       used 45700K, committed 46272K, reserved 1114112K
  class space    used 5402K, committed 5696K, reserved 1048576K
}
Event: 73721.412 GC heap after
{Heap after GC invocations=25 (full 2):
 garbage-first heap   total 61440K, used 19874K [0x0000000704400000, 0x0000000800000000)
  region size 2048K, 1 young (2048K), 1 survivors (2048K)
 Metaspace       used 45700K, committed 46272K, reserved 1114112K
  class space    used 5402K, committed 5696K, reserved 1048576K
}
Event: 74302.565 GC heap before
{Heap before GC invocations=25 (full 2):
 garbage-first heap   total 61440K, used 50594K [0x0000000704400000, 0x0000000800000000)
  region size 2048K, 16 young (32768K), 1 survivors (2048K)
 Metaspace       used 45712K, committed 46272K, reserved 1114112K
  class space    used 5402K, committed 5696K, reserved 1048576K
}
Event: 74302.567 GC heap after
{Heap after GC invocations=26 (full 2):
 garbage-first heap   total 61440K, used 19945K [0x0000000704400000, 0x0000000800000000)
  region size 2048K, 1 young (2048K), 1 survivors (2048K)
 Metaspace       used 45712K, committed 46272K, reserved 1114112K
  class space    used 5402K, committed 5696K, reserved 1048576K
}
Event: 74873.749 GC heap before
{Heap before GC invocations=26 (full 2):
 garbage-first heap   total 61440K, used 50665K [0x0000000704400000, 0x0000000800000000)
  region size 2048K, 16 young (32768K), 1 survivors (2048K)
 Metaspace       used 45721K, committed 46272K, reserved 1114112K
  class space    used 5402K, committed 5696K, reserved 1048576K
}
Event: 74873.751 GC heap after
{Heap after GC invocations=27 (full 2):
 garbage-first heap   total 61440K, used 19927K [0x0000000704400000, 0x0000000800000000)
  region size 2048K, 1 young (2048K), 1 survivors (2048K)
 Metaspace       used 45721K, committed 46272K, reserved 1114112K
  class space    used 5402K, committed 5696K, reserved 1048576K
}
Event: 75454.284 GC heap before
{Heap before GC invocations=27 (full 2):
 garbage-first heap   total 61440K, used 50647K [0x0000000704400000, 0x0000000800000000)
  region size 2048K, 16 young (32768K), 1 survivors (2048K)
 Metaspace       used 45721K, committed 46272K, reserved 1114112K
  class space    used 5402K, committed 5696K, reserved 1048576K
}
Event: 75454.285 GC heap after
{Heap after GC invocations=28 (full 2):
 garbage-first heap   total 61440K, used 19929K [0x0000000704400000, 0x0000000800000000)
  region size 2048K, 1 young (2048K), 1 survivors (2048K)
 Metaspace       used 45721K, committed 46272K, reserved 1114112K
  class space    used 5402K, committed 5696K, reserved 1048576K
}
Event: 76037.518 GC heap before
{Heap before GC invocations=28 (full 2):
 garbage-first heap   total 61440K, used 50649K [0x0000000704400000, 0x0000000800000000)
  region size 2048K, 16 young (32768K), 1 survivors (2048K)
 Metaspace       used 45721K, committed 46272K, reserved 1114112K
  class space    used 5402K, committed 5696K, reserved 1048576K
}
Event: 76037.519 GC heap after
{Heap after GC invocations=29 (full 2):
 garbage-first heap   total 61440K, used 19931K [0x0000000704400000, 0x0000000800000000)
  region size 2048K, 1 young (2048K), 1 survivors (2048K)
 Metaspace       used 45721K, committed 46272K, reserved 1114112K
  class space    used 5402K, committed 5696K, reserved 1048576K
}
Event: 76607.505 GC heap before
{Heap before GC invocations=29 (full 2):
 garbage-first heap   total 61440K, used 50651K [0x0000000704400000, 0x0000000800000000)
  region size 2048K, 16 young (32768K), 1 survivors (2048K)
 Metaspace       used 45750K, committed 46272K, reserved 1114112K
  class space    used 5402K, committed 5696K, reserved 1048576K
}
Event: 76607.506 GC heap after
{Heap after GC invocations=30 (full 2):
 garbage-first heap   total 61440K, used 19927K [0x0000000704400000, 0x0000000800000000)
  region size 2048K, 1 young (2048K), 1 survivors (2048K)
 Metaspace       used 45750K, committed 46272K, reserved 1114112K
  class space    used 5402K, committed 5696K, reserved 1048576K
}
Event: 77188.875 GC heap before
{Heap before GC invocations=30 (full 2):
 garbage-first heap   total 61440K, used 50647K [0x0000000704400000, 0x0000000800000000)
  region size 2048K, 16 young (32768K), 1 survivors (2048K)
 Metaspace       used 45750K, committed 46272K, reserved 1114112K
  class space    used 5402K, committed 5696K, reserved 1048576K
}
Event: 77188.876 GC heap after
{Heap after GC invocations=31 (full 2):
 garbage-first heap   total 61440K, used 19879K [0x0000000704400000, 0x0000000800000000)
  region size 2048K, 1 young (2048K), 1 survivors (2048K)
 Metaspace       used 45750K, committed 46272K, reserved 1114112K
  class space    used 5402K, committed 5696K, reserved 1048576K
}
Event: 77766.055 GC heap before
{Heap before GC invocations=31 (full 2):
 garbage-first heap   total 61440K, used 50599K [0x0000000704400000, 0x0000000800000000)
  region size 2048K, 16 young (32768K), 1 survivors (2048K)
 Metaspace       used 45750K, committed 46272K, reserved 1114112K
  class space    used 5402K, committed 5696K, reserved 1048576K
}
Event: 77766.056 GC heap after
{Heap after GC invocations=32 (full 2):
 garbage-first heap   total 61440K, used 19906K [0x0000000704400000, 0x0000000800000000)
  region size 2048K, 1 young (2048K), 1 survivors (2048K)
 Metaspace       used 45750K, committed 46272K, reserved 1114112K
  class space    used 5402K, committed 5696K, reserved 1048576K
}
Event: 79074.357 GC heap before
{Heap before GC invocations=32 (full 2):
 garbage-first heap   total 61440K, used 50626K [0x0000000704400000, 0x0000000800000000)
  region size 2048K, 16 young (32768K), 1 survivors (2048K)
 Metaspace       used 45759K, committed 46272K, reserved 1114112K
  class space    used 5402K, committed 5696K, reserved 1048576K
}
Event: 79074.358 GC heap after
{Heap after GC invocations=33 (full 2):
 garbage-first heap   total 61440K, used 19922K [0x0000000704400000, 0x0000000800000000)
  region size 2048K, 1 young (2048K), 1 survivors (2048K)
 Metaspace       used 45759K, committed 46272K, reserved 1114112K
  class space    used 5402K, committed 5696K, reserved 1048576K
}

